C51 COMPILER V9.01   SAVEDATA                                                              12/13/2025 09:59:39 PAGE 1   


C51 COMPILER V9.01, COMPILATION OF MODULE SAVEDATA
OBJECT MODULE PLACED IN Savedata.obj
COMPILER INVOKED BY: C:\Keil\C51\BIN\C51.EXE Project\Source\Savedata.c LARGE ROM(COMPACT) OPTIMIZE(SIZE) BROWSE NOAREGS 
                    -INCDIR(.\Project\include) DEBUG OBJECTEXTEND PRINT(.\Savedata.lst) OBJECT(Savedata.obj)

line level    source

   1          #include "savedata.h"
   2          #include "WriteFlashROM.h"
   3          #include "Effect.h"
   4          xdata UINT8C* Pointer;
   5          extern RGB_DATA RGB_DataRam;
   6          
   7          
   8          void SAVEDATA(void)
   9          {
  10   1      
  11   1              WriteDoubleByteROM(BASE_OBJECT_ADDR,(uint16_t*)&RGB_DataRam,(sizeof(RGB_DATA)+1)>>1);
  12   1      }
  13          void LOADSAVEDATA(void)
  14          {
  15   1      
  16   1              RGB_DataRam =   *((RGB_DATA code*)(BASE_OBJECT_ADDR));
  17   1      
  18   1      }


MODULE INFORMATION:   STATIC OVERLAYABLE
   CODE SIZE        =     41    ----
   CONSTANT SIZE    =   ----    ----
   XDATA SIZE       =      2    ----
   PDATA SIZE       =   ----    ----
   DATA SIZE        =   ----    ----
   IDATA SIZE       =   ----    ----
   BIT SIZE         =   ----    ----
END OF MODULE INFORMATION.


C51 COMPILATION COMPLETE.  0 WARNING(S),  0 ERROR(S)
